16:37:36 [DEBUG] STREAM b'IHDR' 16 13
16:37:36 [DEBUG] STREAM b'sRGB' 41 1
16:37:36 [DEBUG] STREAM b'sBIT' 54 4
16:37:36 [DEBUG] b'sBIT' 54 4 (unknown)
16:37:36 [DEBUG] STREAM b'IDAT' 70 8192
16:37:36 [INFO] Icon cropped and saved successfully.
16:38:22 [DEBUG] STREAM b'IHDR' 16 13
16:38:22 [DEBUG] STREAM b'sRGB' 41 1
16:38:22 [DEBUG] STREAM b'sBIT' 54 4
16:38:22 [DEBUG] b'sBIT' 54 4 (unknown)
16:38:22 [DEBUG] STREAM b'IDAT' 70 8192
16:38:22 [INFO] Icon cropped and saved successfully.
17:03:48 [DEBUG] STREAM b'IHDR' 16 13
17:03:48 [DEBUG] STREAM b'sRGB' 41 1
17:03:48 [DEBUG] STREAM b'sBIT' 54 4
17:03:48 [DEBUG] b'sBIT' 54 4 (unknown)
17:03:48 [DEBUG] STREAM b'IDAT' 70 8192
17:03:48 [INFO] Icon cropped and saved successfully.
17:08:57 [DEBUG] STREAM b'IHDR' 16 13
17:08:57 [DEBUG] STREAM b'sRGB' 41 1
17:08:57 [DEBUG] STREAM b'sBIT' 54 4
17:08:57 [DEBUG] b'sBIT' 54 4 (unknown)
17:08:57 [DEBUG] STREAM b'IDAT' 70 8192
17:08:57 [INFO] Icon cropped and saved successfully.
17:09:36 [DEBUG] STREAM b'IHDR' 16 13
17:09:36 [DEBUG] STREAM b'sRGB' 41 1
17:09:36 [DEBUG] STREAM b'sBIT' 54 4
17:09:36 [DEBUG] b'sBIT' 54 4 (unknown)
17:09:36 [DEBUG] STREAM b'IDAT' 70 8192
17:09:36 [INFO] Icon cropped and saved successfully.
17:10:09 [DEBUG] STREAM b'IHDR' 16 13
17:10:09 [DEBUG] STREAM b'sRGB' 41 1
17:10:09 [DEBUG] STREAM b'sBIT' 54 4
17:10:09 [DEBUG] b'sBIT' 54 4 (unknown)
17:10:09 [DEBUG] STREAM b'IDAT' 70 8192
17:10:09 [INFO] Icon cropped and saved successfully.
17:23:27 [DEBUG] STREAM b'IHDR' 16 13
17:23:27 [DEBUG] STREAM b'sRGB' 41 1
17:23:27 [DEBUG] STREAM b'sBIT' 54 4
17:23:27 [DEBUG] b'sBIT' 54 4 (unknown)
17:23:27 [DEBUG] STREAM b'IDAT' 70 8192
17:23:27 [INFO] Icon cropped and saved successfully.
17:24:09 [DEBUG] STREAM b'IHDR' 16 13
17:24:09 [DEBUG] STREAM b'sRGB' 41 1
17:24:09 [DEBUG] STREAM b'sBIT' 54 4
17:24:09 [DEBUG] b'sBIT' 54 4 (unknown)
17:24:09 [DEBUG] STREAM b'IDAT' 70 8192
17:24:09 [INFO] Icon cropped and saved successfully.
13:36:55 [DEBUG] STREAM b'IHDR' 16 13
13:36:55 [DEBUG] STREAM b'sRGB' 41 1
13:36:55 [DEBUG] STREAM b'sBIT' 54 4
13:36:55 [DEBUG] b'sBIT' 54 4 (unknown)
13:36:55 [DEBUG] STREAM b'IDAT' 70 8192
13:36:56 [INFO] Icon cropped and saved successfully.
13:39:25 [DEBUG] STREAM b'IHDR' 16 13
13:39:25 [DEBUG] STREAM b'sRGB' 41 1
13:39:25 [DEBUG] STREAM b'sBIT' 54 4
13:39:25 [DEBUG] b'sBIT' 54 4 (unknown)
13:39:25 [DEBUG] STREAM b'IDAT' 70 8192
13:39:25 [INFO] Icon cropped and saved successfully.
13:39:56 [DEBUG] STREAM b'IHDR' 16 13
13:39:56 [DEBUG] STREAM b'sRGB' 41 1
13:39:56 [DEBUG] STREAM b'sBIT' 54 4
13:39:56 [DEBUG] b'sBIT' 54 4 (unknown)
13:39:56 [DEBUG] STREAM b'IDAT' 70 8192
13:39:56 [INFO] Icon cropped and saved successfully.
13:42:18 [DEBUG] STREAM b'IHDR' 16 13
13:42:18 [DEBUG] STREAM b'sRGB' 41 1
13:42:18 [DEBUG] STREAM b'sBIT' 54 4
13:42:18 [DEBUG] b'sBIT' 54 4 (unknown)
13:42:18 [DEBUG] STREAM b'IDAT' 70 8192
13:42:18 [INFO] Icon cropped and saved successfully.
13:57:38 [DEBUG] STREAM b'IHDR' 16 13
13:57:38 [DEBUG] STREAM b'sRGB' 41 1
13:57:38 [DEBUG] STREAM b'sBIT' 54 4
13:57:38 [DEBUG] b'sBIT' 54 4 (unknown)
13:57:38 [DEBUG] STREAM b'IDAT' 70 8192
13:57:38 [INFO] Icon cropped and saved successfully.
13:58:08 [DEBUG] STREAM b'IHDR' 16 13
13:58:08 [DEBUG] STREAM b'sRGB' 41 1
13:58:08 [DEBUG] STREAM b'sBIT' 54 4
13:58:08 [DEBUG] b'sBIT' 54 4 (unknown)
13:58:08 [DEBUG] STREAM b'IDAT' 70 8192
13:58:08 [INFO] Icon cropped and saved successfully.
13:59:23 [DEBUG] STREAM b'IHDR' 16 13
13:59:23 [DEBUG] STREAM b'sRGB' 41 1
13:59:23 [DEBUG] STREAM b'sBIT' 54 4
13:59:23 [DEBUG] b'sBIT' 54 4 (unknown)
13:59:23 [DEBUG] STREAM b'IDAT' 70 8192
13:59:23 [INFO] Icon cropped and saved successfully.
14:01:34 [DEBUG] STREAM b'IHDR' 16 13
14:01:34 [DEBUG] STREAM b'sRGB' 41 1
14:01:34 [DEBUG] STREAM b'sBIT' 54 4
14:01:34 [DEBUG] b'sBIT' 54 4 (unknown)
14:01:34 [DEBUG] STREAM b'IDAT' 70 8192
14:01:34 [INFO] Icon cropped and saved successfully.
14:16:31 [DEBUG] STREAM b'IHDR' 16 13
14:16:31 [DEBUG] STREAM b'sRGB' 41 1
14:16:31 [DEBUG] STREAM b'sBIT' 54 4
14:16:31 [DEBUG] b'sBIT' 54 4 (unknown)
14:16:31 [DEBUG] STREAM b'IDAT' 70 8192
14:16:31 [INFO] Icon cropped and saved successfully.
18:26:29 [DEBUG] STREAM b'IHDR' 16 13
18:26:29 [DEBUG] STREAM b'sRGB' 41 1
18:26:29 [DEBUG] STREAM b'sBIT' 54 4
18:26:29 [DEBUG] b'sBIT' 54 4 (unknown)
18:26:29 [DEBUG] STREAM b'IDAT' 70 8192
18:26:29 [INFO] Icon cropped and saved successfully.
18:30:03 [DEBUG] STREAM b'IHDR' 16 13
18:30:03 [DEBUG] STREAM b'sRGB' 41 1
18:30:03 [DEBUG] STREAM b'sBIT' 54 4
18:30:03 [DEBUG] b'sBIT' 54 4 (unknown)
18:30:03 [DEBUG] STREAM b'IDAT' 70 8192
18:30:03 [INFO] Icon cropped and saved successfully.
18:31:44 [DEBUG] STREAM b'IHDR' 16 13
18:31:44 [DEBUG] STREAM b'sRGB' 41 1
18:31:44 [DEBUG] STREAM b'sBIT' 54 4
18:31:44 [DEBUG] b'sBIT' 54 4 (unknown)
18:31:44 [DEBUG] STREAM b'IDAT' 70 8192
18:31:44 [INFO] Icon cropped and saved successfully.
18:33:08 [DEBUG] STREAM b'IHDR' 16 13
18:33:08 [DEBUG] STREAM b'sRGB' 41 1
18:33:08 [DEBUG] STREAM b'sBIT' 54 4
18:33:08 [DEBUG] b'sBIT' 54 4 (unknown)
18:33:08 [DEBUG] STREAM b'IDAT' 70 8192
18:33:08 [INFO] Icon cropped and saved successfully.
18:33:41 [DEBUG] STREAM b'IHDR' 16 13
18:33:41 [DEBUG] STREAM b'sRGB' 41 1
18:33:41 [DEBUG] STREAM b'sBIT' 54 4
18:33:41 [DEBUG] b'sBIT' 54 4 (unknown)
18:33:41 [DEBUG] STREAM b'IDAT' 70 8192
18:33:41 [INFO] Icon cropped and saved successfully.
17:05:25 [DEBUG] STREAM b'IHDR' 16 13
17:05:25 [DEBUG] STREAM b'sRGB' 41 1
17:05:25 [DEBUG] STREAM b'sBIT' 54 4
17:05:25 [DEBUG] b'sBIT' 54 4 (unknown)
17:05:25 [DEBUG] STREAM b'IDAT' 70 8192
17:05:25 [INFO] Icon cropped and saved successfully.
17:06:41 [DEBUG] STREAM b'IHDR' 16 13
17:06:41 [DEBUG] STREAM b'sRGB' 41 1
17:06:41 [DEBUG] STREAM b'sBIT' 54 4
17:06:41 [DEBUG] b'sBIT' 54 4 (unknown)
17:06:41 [DEBUG] STREAM b'IDAT' 70 8192
17:06:41 [INFO] Icon cropped and saved successfully.
17:06:57 [DEBUG] STREAM b'IHDR' 16 13
17:06:57 [DEBUG] STREAM b'sRGB' 41 1
17:06:57 [DEBUG] STREAM b'sBIT' 54 4
17:06:57 [DEBUG] b'sBIT' 54 4 (unknown)
17:06:57 [DEBUG] STREAM b'IDAT' 70 8192
17:06:57 [INFO] Icon cropped and saved successfully.
17:07:15 [DEBUG] STREAM b'IHDR' 16 13
17:07:15 [DEBUG] STREAM b'sRGB' 41 1
17:07:15 [DEBUG] STREAM b'sBIT' 54 4
17:07:15 [DEBUG] b'sBIT' 54 4 (unknown)
17:07:15 [DEBUG] STREAM b'IDAT' 70 8192
17:07:15 [INFO] Icon cropped and saved successfully.
17:07:27 [DEBUG] STREAM b'IHDR' 16 13
17:07:27 [DEBUG] STREAM b'sRGB' 41 1
17:07:27 [DEBUG] STREAM b'sBIT' 54 4
17:07:27 [DEBUG] b'sBIT' 54 4 (unknown)
17:07:27 [DEBUG] STREAM b'IDAT' 70 8192
17:07:27 [INFO] Icon cropped and saved successfully.
17:26:56 [DEBUG] STREAM b'IHDR' 16 13
17:26:56 [DEBUG] STREAM b'sRGB' 41 1
17:26:56 [DEBUG] STREAM b'sBIT' 54 4
17:26:56 [DEBUG] b'sBIT' 54 4 (unknown)
17:26:56 [DEBUG] STREAM b'IDAT' 70 8192
17:26:56 [INFO] Icon cropped and saved successfully.
17:36:47 [DEBUG] STREAM b'IHDR' 16 13
17:36:47 [DEBUG] STREAM b'sRGB' 41 1
17:36:47 [DEBUG] STREAM b'sBIT' 54 4
17:36:47 [DEBUG] b'sBIT' 54 4 (unknown)
17:36:47 [DEBUG] STREAM b'IDAT' 70 8192
17:36:47 [INFO] Icon cropped and saved successfully.
17:37:16 [DEBUG] STREAM b'IHDR' 16 13
17:37:16 [DEBUG] STREAM b'sRGB' 41 1
17:37:16 [DEBUG] STREAM b'sBIT' 54 4
17:37:16 [DEBUG] b'sBIT' 54 4 (unknown)
17:37:16 [DEBUG] STREAM b'IDAT' 70 8192
17:37:16 [INFO] Icon cropped and saved successfully.
