16:27:47 [INFO] OCR result: 102/240
16:28:23 [INFO] OCR result: 102/240
16:29:06 [INFO] OCR result: 0/6
16:34:10 [INFO] Screenshot captured successfully.
16:40:35 [INFO] OCR result: 0/6
16:41:21 [INFO] OCR result: 0/6
16:42:09 [INFO] OCR result: 0/6
16:44:51 [INFO] OCR result: 0/6
16:45:10 [INFO] OCR result: 0/6
16:48:15 [INFO] OCR result: 0/6
16:48:24 [INFO] OCR result: 0/6
17:02:02 [INFO] Screenshot captured successfully.
17:04:43 [INFO] Screenshot captured successfully.
17:05:26 [INFO] Screenshot captured successfully.
17:06:06 [INFO] Screenshot captured successfully.
17:07:37 [INFO] Screenshot captured successfully.
17:10:20 [INFO] Screenshot captured successfully.
17:10:38 [INFO] Screenshot captured successfully.
17:20:34 [INFO] Screenshot captured successfully.
17:31:33 [INFO] Screenshot captured successfully.
17:32:11 [INFO] Screenshot captured successfully.
17:32:31 [INFO] Screenshot captured successfully.
18:55:58 [INFO] Screenshot captured successfully.
08:20:28 [INFO] OCR result: 6/6
08:20:32 [INFO] OCR result: 06 07 08 09 10
08:20:35 [INFO] OCR result: 6
08:20:51 [INFO] OCR result: 115/240
08:21:03 [INFO] OCR result: 291 292 293
08:21:04 [INFO] OCR result: 291 292 293
08:21:06 [INFO] OCR result: 3/3
08:21:07 [INFO] OCR result: 3
08:21:24 [INFO] OCR result: 6/6
08:21:35 [INFO] OCR result: 55/240
08:21:39 [INFO] OCR result: 01 02 03 04
08:21:42 [INFO] OCR result: 1
08:21:44 [INFO] OCR result: 2
08:22:00 [INFO] OCR result: 4/6
08:22:01 [INFO] OCR result: 25/240
08:22:05 [INFO] OCR result: 01 02 03 04
08:22:08 [INFO] OCR result: 1
08:22:24 [INFO] OCR result: 3/6
08:22:25 [INFO] OCR result: 10/240
11:52:08.546 [ERROR] Action failed.
11:54:35.581 [ERROR] Action failed.
11:55:04.041 [ERROR] Action failed.
11:55:13.926 [ERROR] Action failed.
12:06:33.109 [ERROR] Action failed.
12:07:05.819 [ERROR] Action failed.
13:20:28.856 [ERROR] Action failed.
13:21:59.848 [ERROR] Action failed.
13:29:56.539 [ERROR] Action failed.
13:56:04.222 [ERROR] Action failed.
13:56:53.941 [ERROR] Action failed.
14:06:32.720 [ERROR] Action failed.
14:07:19.237 [INFO] Success.
14:10:49.254 [ERROR] Action failed.
14:16:14.315 [ERROR] Action failed.
14:17:04.442 [INFO] Success.
14:21:15.212 [ERROR] Action failed.
14:22:13.774 [ERROR] Action failed.
14:26:17.964 [ERROR] Action failed.
14:50:29.294 [ERROR] Action failed.
14:53:31.724 [ERROR] Action failed.
14:54:29.801 [ERROR] Action failed.
10:54:25.094 [INFO] OCR result: 6/6
10:54:29.064 [INFO] OCR result: 06 07 08 09 10
10:54:32.384 [INFO] OCR result: 6
10:54:46.121 [INFO] OCR result: 268/240
10:54:58.194 [INFO] OCR result: 291 292 293
10:54:59.027 [INFO] OCR result: 291 292 293
10:55:00.606 [INFO] OCR result: 291 292 293
10:55:02.742 [INFO] OCR result: 3/3
10:55:04.354 [INFO] OCR result: 3
10:55:24.141 [INFO] OCR result: 6/6
10:55:25.199 [INFO] OCR result: 208/240
10:55:29.197 [INFO] OCR result: 01 02 03 04
10:55:32.606 [INFO] OCR result: 1
10:55:34.323 [INFO] OCR result: 2
10:55:52.615 [INFO] OCR result: 4/6
10:55:53.691 [INFO] OCR result: 178/240
10:55:57.651 [INFO] OCR result: 01 02 03 04
10:56:01.059 [INFO] OCR result: 1
10:56:02.771 [INFO] OCR result: 2
10:56:30.308 [INFO] OCR result: 2/6
10:56:31.391 [INFO] OCR result: 148/240
10:18:10.255 [INFO] OCR result: 6/6
10:18:14.210 [INFO] OCR result: 06 07 08 09 10
10:18:17.548 [INFO] OCR result: 6
10:18:30.079 [INFO] OCR result: 249/240
10:18:42.108 [INFO] OCR result: 291 292 293
10:18:42.939 [INFO] OCR result: 291 292 293
10:18:45.137 [INFO] OCR result: 3/3
10:18:46.771 [INFO] OCR result: 3
10:19:04.494 [INFO] OCR result: 6/6
10:19:05.584 [INFO] OCR result: 189/240
10:19:09.605 [INFO] OCR result: 01 02 03 04
10:19:13.746 [INFO] OCR result: 6
09:49:24.763 [INFO] OCR result: 6/6
09:49:28.388 [INFO] OCR result: 06 07 08 09 10
09:49:29.756 [INFO] OCR result: 06 07 08 09 10
09:49:32.575 [INFO] OCR result: 6
09:49:52.210 [INFO] OCR result: 225/240
09:50:13.869 [INFO] OCR result: 13 3
09:50:51.269 [INFO] OCR result: 291 292 293
09:50:52.017 [INFO] OCR result: 291 292 293
09:50:53.840 [INFO] OCR result: 3/3
09:50:55.048 [INFO] OCR result: 3
09:51:15.945 [INFO] OCR result: 6/6
09:51:16.946 [INFO] OCR result: 165/240
09:51:20.526 [INFO] OCR result: 01 02 03 04
09:51:24.070 [INFO] OCR result: 6
